{"name": "test_user_can_login", "status": "failed", "statusDetails": {"message": "AssertionError", "trace": "browser = <selenium.webdriver.chrome.webdriver.WebDriver (session=\"94ec18f4e94b0652d48bc8b670a4465d\")>\n\n    @allure.story(\"Check valid user can login\")\n    def test_user_can_login(browser):\n        with allure.step('Open login page'):\n            main_page = MainPage(browser)\n            main_page.open_main_page()\n            main_page.open_login_page()\n        with allure.step('Check login page displays'):\n            login_page = LoginPage(browser)\n            login_page.should_be_login_page()\n        with allure.step('Login as a user \"victoria.lisouskaya@gmail.com\"'):\n            login_page.login(\"victoria.lisouskaya@gmail.com\", \"111222\")\n        with allure.step('Check account page displays'):\n            account_page = AccountPage(browser)\n            account_page.should_be_account_page()\n        sign_up_final_page = SignUpFinalPage(browser)\n        sign_up_final_page.navigate_to_passwd_reset_page(\"https://www.torontocaterers.ca/user/dashboard\")\n        with allure.step('Check user profile page displays'):\n            user_profile_page = UserProfile(browser)\n>           user_profile_page.should_be_user_profile_page(\"test\")\n\ntests\\test_username.py:29: \n_ _ _ _ _ _ _ _ _ _ _ _ _ _ _ _ _ _ _ _ _ _ _ _ _ _ _ _ _ _ _ _ _ _ _ _ _ _ _ _ _ _ _ _ _ _ _ _ _ _ _ _ _ _ _ _ _ _ _ _ _ _ _ _ _ _ _ _ _ _ _ _ _ _ _ _ _ _ _ _ _ _ _ _ _ _ _ _ _ _ _ _ _ \n\nself = <pages.profile_page.UserProfile object at 0x03DD10B8>, full_name = 'test'\n\n    def should_be_user_profile_page(self, full_name: str):\n       # submit_btn = self.find_element(UserProfileLocators.LOCATOR_SUBMIT_BTN)\n       # submit_btn.click()\n    \n        user_name_lbl = self.find_element(UserProfileLocators.LOCATOR_USER_NAME_LBL)\n        print(\"!!! name is\" + full_name)\n        print(\"!!! name is\" + user_name_lbl.text )\n>       assert full_name in user_name_lbl.text\nE       AssertionError\n\npages\\profile_page.py:14: AssertionError"}, "steps": [{"name": "Open login page", "status": "passed", "start": 1633276591998, "stop": 1633276595257}, {"name": "Check login page displays", "status": "passed", "start": 1633276595257, "stop": 1633276595278}, {"name": "Login as a user \"victoria.lisouskaya@gmail.com\"", "status": "passed", "start": 1633276595278, "stop": 1633276595631}, {"name": "Check account page displays", "status": "passed", "start": 1633276595631, "stop": 1633276596451}, {"name": "Check user profile page displays", "status": "failed", "statusDetails": {"message": "AssertionError\n", "trace": "  File \"C:\\Users\\viktorial\\Documents\\python-project\\final-project-new\\tests\\test_username.py\", line 29, in test_user_can_login\n    user_profile_page.should_be_user_profile_page(\"test\")\n  File \"C:\\Users\\viktorial\\Documents\\python-project\\final-project-new\\pages\\profile_page.py\", line 14, in should_be_user_profile_page\n    assert full_name in user_name_lbl.text\n"}, "start": 1633276597739, "stop": 1633276597996}], "attachments": [{"name": "stdout", "source": "94edd28c-88d7-4c56-b525-41a8eb5bc64d-attachment.txt", "type": "text/plain"}], "start": 1633276591998, "stop": 1633276597999, "uuid": "90f57ff2-befd-4bab-93dc-ce45365889f8", "historyId": "a5c8ace36cac5ca1f746287da0869365", "testCaseId": "e4ca2f7627781931ea9f0bc7fd0a5329", "fullName": "tests.test_username#test_user_can_login", "labels": [{"name": "story", "value": "Check valid user can login"}, {"name": "parentSuite", "value": "tests"}, {"name": "suite", "value": "test_username"}, {"name": "host", "value": "viktorial"}, {"name": "thread", "value": "3728-MainThread"}, {"name": "framework", "value": "pytest"}, {"name": "language", "value": "cpython3"}, {"name": "package", "value": "tests.test_username"}]}