{"name": "test_user_can_login", "status": "broken", "statusDetails": {"message": "selenium.common.exceptions.TimeoutException: Message: Cant find element by locator ('xpath', \"//img[@class = 'logo-valid']\")", "trace": "browser = <selenium.webdriver.chrome.webdriver.WebDriver (session=\"35c8ea442966a2fed3b20140d4a4a8ec\")>\n\n    @allure.story(\"Check valid user can login\")\n    def test_user_can_login(browser):\n        with allure.step('Open login page'):\n            main_page = MainPage(browser)\n            main_page.open_main_page()\n            main_page.open_login_page()\n        with allure.step('Check login page displays'):\n            login_page = LoginPage(browser)\n            login_page.should_be_login_page()\n        with allure.step('Login as a user \"victoria.lisouskaya@gmail.com\"'):\n            login_page.login(\"victoria.lisouskaya@gmail.com\", \"111222\")\n        with allure.step('Check account page displays'):\n            account_page = AccountPage(browser)\n            account_page.should_be_account_page()\n        sign_up_final_page = SignUpFinalPage(browser)\n        sign_up_final_page.navigate_to_passwd_reset_page(\"https://www.torontocaterers.ca/user/dashboard\")\n        with allure.step('Check user profile page displays'):\n            user_profile_page = UserProfile(browser)\n>           user_profile_page.should_be_user_profile_page(\"test\")\n\ntests\\test_username.py:29: \n_ _ _ _ _ _ _ _ _ _ _ _ _ _ _ _ _ _ _ _ _ _ _ _ _ _ _ _ _ _ _ _ _ _ _ _ _ _ _ _ _ _ _ _ _ _ _ _ _ _ _ _ _ _ _ _ _ _ _ _ _ _ _ _ _ _ _ _ _ _ _ _ _ _ _ _ _ _ _ _ _ _ _ _ _ _ _ _ _ _ _ _ _ \npages\\profile_page.py:10: in should_be_user_profile_page\n    profile_icon = self.find_element(UserProfileLocators.LOCATOR_PROFILE_AVATAR)\npages\\base_page.py:14: in find_element\n    return WebDriverWait(self.driver, time).until(\n_ _ _ _ _ _ _ _ _ _ _ _ _ _ _ _ _ _ _ _ _ _ _ _ _ _ _ _ _ _ _ _ _ _ _ _ _ _ _ _ _ _ _ _ _ _ _ _ _ _ _ _ _ _ _ _ _ _ _ _ _ _ _ _ _ _ _ _ _ _ _ _ _ _ _ _ _ _ _ _ _ _ _ _ _ _ _ _ _ _ _ _ _ \n\nself = <selenium.webdriver.support.wait.WebDriverWait (session=\"35c8ea442966a2fed3b20140d4a4a8ec\")>\nmethod = <selenium.webdriver.support.expected_conditions.presence_of_element_located object at 0x01411190>\nmessage = 'Cant find element by locator (\\'xpath\\', \"//img[@class = \\'logo-valid\\']\")'\n\n    def until(self, method, message=''):\n        \"\"\"Calls the method provided with the driver as an argument until the \\\n        return value is not False.\"\"\"\n        screen = None\n        stacktrace = None\n    \n        end_time = time.time() + self._timeout\n        while True:\n            try:\n                value = method(self._driver)\n                if value:\n                    return value\n            except self._ignored_exceptions as exc:\n                screen = getattr(exc, 'screen', None)\n                stacktrace = getattr(exc, 'stacktrace', None)\n            time.sleep(self._poll)\n            if time.time() > end_time:\n                break\n>       raise TimeoutException(message, screen, stacktrace)\nE       selenium.common.exceptions.TimeoutException: Message: Cant find element by locator ('xpath', \"//img[@class = 'logo-valid']\")\n\n..\\..\\..\\AppData\\Roaming\\Python\\Python38\\site-packages\\selenium\\webdriver\\support\\wait.py:80: TimeoutException"}, "steps": [{"name": "Open login page", "status": "passed", "start": 1633275668573, "stop": 1633275673215}, {"name": "Check login page displays", "status": "passed", "start": 1633275673215, "stop": 1633275673245}, {"name": "Login as a user \"victoria.lisouskaya@gmail.com\"", "status": "passed", "start": 1633275673245, "stop": 1633275673486}, {"name": "Check account page displays", "status": "passed", "start": 1633275673486, "stop": 1633275674636}, {"name": "Check user profile page displays", "status": "broken", "statusDetails": {"message": "selenium.common.exceptions.TimeoutException: Message: Cant find element by locator ('xpath', \"//img[@class = 'logo-valid']\")\n\n", "trace": "  File \"C:\\Users\\viktorial\\Documents\\python-project\\final-project-new\\tests\\test_username.py\", line 29, in test_user_can_login\n    user_profile_page.should_be_user_profile_page(\"test\")\n  File \"C:\\Users\\viktorial\\Documents\\python-project\\final-project-new\\pages\\profile_page.py\", line 10, in should_be_user_profile_page\n    profile_icon = self.find_element(UserProfileLocators.LOCATOR_PROFILE_AVATAR)\n  File \"C:\\Users\\viktorial\\Documents\\python-project\\final-project-new\\pages\\base_page.py\", line 14, in find_element\n    return WebDriverWait(self.driver, time).until(\n  File \"C:\\Users\\viktorial\\AppData\\Roaming\\Python\\Python38\\site-packages\\selenium\\webdriver\\support\\wait.py\", line 80, in until\n    raise TimeoutException(message, screen, stacktrace)\n"}, "start": 1633275676799, "stop": 1633275737365}], "start": 1633275668573, "stop": 1633275737368, "uuid": "6a58528e-14bf-49ae-967d-c03439b5f836", "historyId": "a5c8ace36cac5ca1f746287da0869365", "testCaseId": "e4ca2f7627781931ea9f0bc7fd0a5329", "fullName": "tests.test_username#test_user_can_login", "labels": [{"name": "story", "value": "Check valid user can login"}, {"name": "parentSuite", "value": "tests"}, {"name": "suite", "value": "test_username"}, {"name": "host", "value": "viktorial"}, {"name": "thread", "value": "24456-MainThread"}, {"name": "framework", "value": "pytest"}, {"name": "language", "value": "cpython3"}, {"name": "package", "value": "tests.test_username"}]}