{"name": "test_user_can_login", "status": "broken", "statusDetails": {"message": "selenium.common.exceptions.TimeoutException: Message: Cant find element by locator ('xpath', \"//p[contains(text(), 'test user')]\")", "trace": "browser = <selenium.webdriver.chrome.webdriver.WebDriver (session=\"06954f2f69ac866c7ddb8226e3d7bd3a\")>\n\n    @allure.story(\"Check valid user can login\")\n    def test_user_can_login(browser):\n        with allure.step('Open login page'):\n            main_page = MainPage(browser)\n            main_page.open_main_page()\n            main_page.open_login_page()\n        with allure.step('Check login page displays'):\n            login_page = LoginPage(browser)\n            login_page.should_be_login_page()\n        with allure.step('Login as a user \"victoria.lisouskaya@gmail.com\"'):\n            login_page.login(\"victoria.lisouskaya@gmail.com\", \"111222\")\n        with allure.step('Check account page displays'):\n            account_page = AccountPage(browser)\n            account_page.should_be_account_page()\n        sign_up_final_page = SignUpFinalPage(browser)\n        sign_up_final_page.navigate_to_passwd_reset_page(\"https://www.torontocaterers.ca/user/dashboard\")\n        with allure.step('Check user profile page displays'):\n            user_profile_page = UserProfile(browser)\n>           user_profile_page.should_be_user_profile_page(\"test user\")\n\ntests\\test_username.py:29: \n_ _ _ _ _ _ _ _ _ _ _ _ _ _ _ _ _ _ _ _ _ _ _ _ _ _ _ _ _ _ _ _ _ _ _ _ _ _ _ _ _ _ _ _ _ _ _ _ _ _ _ _ _ _ _ _ _ _ _ _ _ _ _ _ _ _ _ _ _ _ _ _ _ _ _ _ _ _ _ _ _ _ _ \npages\\profile_page.py:11: in should_be_user_profile_page\n    user_name_lbl = self.find_element(UserProfileLocators.LOCATOR_USER_NAME_LBL)\npages\\base_page.py:14: in find_element\n    return WebDriverWait(self.driver, time).until(\n_ _ _ _ _ _ _ _ _ _ _ _ _ _ _ _ _ _ _ _ _ _ _ _ _ _ _ _ _ _ _ _ _ _ _ _ _ _ _ _ _ _ _ _ _ _ _ _ _ _ _ _ _ _ _ _ _ _ _ _ _ _ _ _ _ _ _ _ _ _ _ _ _ _ _ _ _ _ _ _ _ _ _ \n\nself = <selenium.webdriver.support.wait.WebDriverWait (session=\"06954f2f69ac866c7ddb8226e3d7bd3a\")>\nmethod = <selenium.webdriver.support.expected_conditions.presence_of_element_located object at 0x0175F100>\nmessage = 'Cant find element by locator (\\'xpath\\', \"//p[contains(text(), \\'test user\\')]\")'\n\n    def until(self, method, message=''):\n        \"\"\"Calls the method provided with the driver as an argument until the \\\n        return value is not False.\"\"\"\n        screen = None\n        stacktrace = None\n    \n        end_time = time.time() + self._timeout\n        while True:\n            try:\n                value = method(self._driver)\n                if value:\n                    return value\n            except self._ignored_exceptions as exc:\n                screen = getattr(exc, 'screen', None)\n                stacktrace = getattr(exc, 'stacktrace', None)\n            time.sleep(self._poll)\n            if time.time() > end_time:\n                break\n>       raise TimeoutException(message, screen, stacktrace)\nE       selenium.common.exceptions.TimeoutException: Message: Cant find element by locator ('xpath', \"//p[contains(text(), 'test user')]\")\n\n..\\..\\..\\AppData\\Roaming\\Python\\Python38\\site-packages\\selenium\\webdriver\\support\\wait.py:80: TimeoutException"}, "steps": [{"name": "Open login page", "status": "passed", "start": 1633273928557, "stop": 1633273932890}, {"name": "Check login page displays", "status": "passed", "start": 1633273932890, "stop": 1633273932909}, {"name": "Login as a user \"victoria.lisouskaya@gmail.com\"", "status": "passed", "start": 1633273932909, "stop": 1633273933165}, {"name": "Check account page displays", "status": "passed", "start": 1633273933165, "stop": 1633273934845}, {"name": "Check user profile page displays", "status": "broken", "statusDetails": {"message": "selenium.common.exceptions.TimeoutException: Message: Cant find element by locator ('xpath', \"//p[contains(text(), 'test user')]\")\n\n", "trace": "  File \"C:\\Users\\viktorial\\Documents\\python-project\\final-project-new\\tests\\test_username.py\", line 29, in test_user_can_login\n    user_profile_page.should_be_user_profile_page(\"test user\")\n  File \"C:\\Users\\viktorial\\Documents\\python-project\\final-project-new\\pages\\profile_page.py\", line 11, in should_be_user_profile_page\n    user_name_lbl = self.find_element(UserProfileLocators.LOCATOR_USER_NAME_LBL)\n  File \"C:\\Users\\viktorial\\Documents\\python-project\\final-project-new\\pages\\base_page.py\", line 14, in find_element\n    return WebDriverWait(self.driver, time).until(\n  File \"C:\\Users\\viktorial\\AppData\\Roaming\\Python\\Python38\\site-packages\\selenium\\webdriver\\support\\wait.py\", line 80, in until\n    raise TimeoutException(message, screen, stacktrace)\n"}, "start": 1633273935922, "stop": 1633273996474}], "start": 1633273928557, "stop": 1633273996477, "uuid": "d6721da7-08a6-41cd-b141-70d89ea7264e", "historyId": "a5c8ace36cac5ca1f746287da0869365", "testCaseId": "e4ca2f7627781931ea9f0bc7fd0a5329", "fullName": "tests.test_username#test_user_can_login", "labels": [{"name": "story", "value": "Check valid user can login"}, {"name": "parentSuite", "value": "tests"}, {"name": "suite", "value": "test_username"}, {"name": "host", "value": "viktorial"}, {"name": "thread", "value": "9940-MainThread"}, {"name": "framework", "value": "pytest"}, {"name": "language", "value": "cpython3"}, {"name": "package", "value": "tests.test_username"}]}